<?xml version="1.0" encoding="UTF-8"?>
<!-- Generated by org.testng.reporters.JUnitReportReporter -->
<testsuite skipped="0" hostname="LAPTOP-AS8LDC74" name="com.qa.test.LoginTest" tests="2" failures="0" timestamp="2022-07-26T20:26:58 IST" time="55.527" errors="0">
  <testcase name="Login" time="26.967" classname="com.qa.test.LoginTest"/>
  <system-out/>
  <testcase name="Dummy" time="28.560" classname="com.qa.test.LoginTest"/>
  <system-out/>
</testsuite> <!-- com.qa.test.LoginTest -->
